[25/Aug/2012:18:18:59] ENGINE Bus STARTING
[25/Aug/2012:18:18:59] ENGINE Started monitor thread '_TimeoutMonitor'.
[25/Aug/2012:18:18:59] ENGINE Serving on 0.0.0.0:8080
[25/Aug/2012:18:18:59] ENGINE Bus STARTED
[25/Aug/2012:18:19:04] ENGINE Started monitor thread 'Session cleanup'.
[25/Aug/2012:18:21:52] ENGINE Bus STOPPING
[25/Aug/2012:18:21:52] ENGINE HTTP Server cherrypy._cpwsgi_server.CPWSGIServer(('0.0.0.0', 8080)) shut down
[25/Aug/2012:18:21:52] ENGINE Stopped thread '_TimeoutMonitor'.
[25/Aug/2012:18:21:52] ENGINE Stopped thread 'Session cleanup'.
[25/Aug/2012:18:21:52] ENGINE Bus STOPPED
[25/Aug/2012:18:21:52] ENGINE Bus EXITING
[25/Aug/2012:18:21:52] ENGINE Bus EXITED
[25/Aug/2012:19:02:10] ENGINE Bus STARTING
[25/Aug/2012:19:02:10] ENGINE Started monitor thread '_TimeoutMonitor'.
[25/Aug/2012:19:02:10] ENGINE Serving on 0.0.0.0:8080
[25/Aug/2012:19:02:10] ENGINE Bus STARTED
[25/Aug/2012:19:02:18] ENGINE Started monitor thread 'Session cleanup'.
[25/Aug/2012:19:15:06] ENGINE Bus STOPPING
[25/Aug/2012:19:15:06] ENGINE HTTP Server cherrypy._cpwsgi_server.CPWSGIServer(('0.0.0.0', 8080)) shut down
[25/Aug/2012:19:15:06] ENGINE Stopped thread 'Session cleanup'.
[25/Aug/2012:19:15:06] ENGINE Stopped thread '_TimeoutMonitor'.
[25/Aug/2012:19:15:06] ENGINE Bus STOPPED
[25/Aug/2012:19:15:06] ENGINE Bus EXITING
[25/Aug/2012:19:15:06] ENGINE Bus EXITED
[25/Aug/2012:19:15:33] ENGINE Bus STARTING
[25/Aug/2012:19:15:33] ENGINE Started monitor thread '_TimeoutMonitor'.
[25/Aug/2012:19:15:33] ENGINE Serving on 0.0.0.0:8080
[25/Aug/2012:19:15:33] ENGINE Bus STARTED
[25/Aug/2012:19:15:59] ENGINE Bus STOPPING
[25/Aug/2012:19:15:59] ENGINE HTTP Server cherrypy._cpwsgi_server.CPWSGIServer(('0.0.0.0', 8080)) shut down
[25/Aug/2012:19:15:59] ENGINE Stopped thread '_TimeoutMonitor'.
[25/Aug/2012:19:15:59] ENGINE Bus STOPPED
[25/Aug/2012:19:15:59] ENGINE Bus EXITING
[25/Aug/2012:19:15:59] ENGINE Bus EXITED
[25/Aug/2012:19:16:00] ENGINE Bus STARTING
[25/Aug/2012:19:16:00] ENGINE Started monitor thread '_TimeoutMonitor'.
[25/Aug/2012:19:16:00] ENGINE Error in 'start' listener <bound method Server.start of <cherrypy._cpserver.Server object at 0x86e034c>>
Traceback (most recent call last):
  File "/usr/lib/python3.2/site-packages/cherrypy/process/wspbus.py", line 197, in publish
    output.append(listener(*args, **kwargs))
  File "/usr/lib/python3.2/site-packages/cherrypy/_cpserver.py", line 150, in start
    self.httpserver, self.bind_addr = self.httpserver_from_self()
  File "/usr/lib/python3.2/site-packages/cherrypy/_cpserver.py", line 141, in httpserver_from_self
    httpserver = _cpwsgi_server.CPWSGIServer(self)
  File "/usr/lib/python3.2/site-packages/cherrypy/_cpwsgi_server.py", line 53, in __init__
    adapter_class = wsgiserver.get_ssl_adapter_class(ssl_module)
  File "/usr/lib/python3.2/site-packages/cherrypy/wsgiserver/wsgiserver3.py", line 1758, in get_ssl_adapter_class
    adapter = ssl_adapters[name.lower()]
KeyError: 'pyopenssl'

[25/Aug/2012:19:16:00] ENGINE Shutting down due to error in start listener:
Traceback (most recent call last):
  File "/usr/lib/python3.2/site-packages/cherrypy/process/wspbus.py", line 235, in start
    self.publish('start')
  File "/usr/lib/python3.2/site-packages/cherrypy/process/wspbus.py", line 215, in publish
    raise exc
cherrypy.process.wspbus.ChannelFailures: KeyError('pyopenssl',)

[25/Aug/2012:19:16:00] ENGINE Bus STOPPING
[25/Aug/2012:19:16:00] ENGINE HTTP Server None already shut down
[25/Aug/2012:19:16:00] ENGINE Stopped thread '_TimeoutMonitor'.
[25/Aug/2012:19:16:00] ENGINE Bus STOPPED
[25/Aug/2012:19:16:00] ENGINE Bus EXITING
[25/Aug/2012:19:16:00] ENGINE Bus EXITED
[25/Aug/2012:19:21:34] ENGINE Bus STARTING
[25/Aug/2012:19:21:34] ENGINE Started monitor thread '_TimeoutMonitor'.
[25/Aug/2012:19:21:34] ENGINE Serving on 0.0.0.0:8080
[25/Aug/2012:19:21:34] ENGINE Bus STARTED
[25/Aug/2012:19:21:34] ENGINE Error in HTTPServer.tick
Traceback (most recent call last):
  File "/usr/lib/python3.2/site-packages/cherrypy/wsgiserver/wsgiserver3.py", line 1552, in start
    self.tick()
  File "/usr/lib/python3.2/site-packages/cherrypy/wsgiserver/wsgiserver3.py", line 1616, in tick
    s, ssl_env = self.ssl_adapter.wrap(s)
  File "/usr/lib/python3.2/site-packages/cherrypy/wsgiserver/ssl_builtin.py", line 52, in wrap
    keyfile=self.private_key, ssl_version=ssl.PROTOCOL_SSLv23)
  File "/usr/lib/python3.2/ssl.py", line 521, in wrap_socket
    ciphers=ciphers)
  File "/usr/lib/python3.2/ssl.py", line 221, in __init__
    self.context.load_cert_chain(certfile, keyfile)
IOError: [Errno 2] No such file or directory

[25/Aug/2012:19:22:05] ENGINE Bus STOPPING
[25/Aug/2012:19:22:05] ENGINE HTTP Server cherrypy._cpwsgi_server.CPWSGIServer(('0.0.0.0', 8080)) shut down
[25/Aug/2012:19:22:05] ENGINE Stopped thread '_TimeoutMonitor'.
[25/Aug/2012:19:22:05] ENGINE Bus STOPPED
[25/Aug/2012:19:22:05] ENGINE Bus EXITING
[25/Aug/2012:19:22:05] ENGINE Bus EXITED
[25/Aug/2012:19:24:17] ENGINE Bus STARTING
[25/Aug/2012:19:24:17] ENGINE Started monitor thread '_TimeoutMonitor'.
[25/Aug/2012:19:24:17] ENGINE Serving on 0.0.0.0:8080
[25/Aug/2012:19:24:17] ENGINE Bus STARTED
[25/Aug/2012:19:25:39] ENGINE Bus STOPPING
[25/Aug/2012:19:25:39] ENGINE HTTP Server cherrypy._cpwsgi_server.CPWSGIServer(('0.0.0.0', 8080)) shut down
[25/Aug/2012:19:25:39] ENGINE Stopped thread '_TimeoutMonitor'.
[25/Aug/2012:19:25:39] ENGINE Bus STOPPED
[25/Aug/2012:19:25:39] ENGINE Bus EXITING
[25/Aug/2012:19:25:39] ENGINE Bus EXITED
[25/Aug/2012:19:25:43] ENGINE Bus STARTING
[25/Aug/2012:19:25:43] ENGINE Started monitor thread '_TimeoutMonitor'.
[25/Aug/2012:19:25:43] ENGINE Serving on 0.0.0.0:8080
[25/Aug/2012:19:25:43] ENGINE Bus STARTED
[25/Aug/2012:19:30:39] ENGINE Bus STOPPING
[25/Aug/2012:19:30:39] ENGINE HTTP Server cherrypy._cpwsgi_server.CPWSGIServer(('0.0.0.0', 8080)) shut down
[25/Aug/2012:19:30:39] ENGINE Stopped thread '_TimeoutMonitor'.
[25/Aug/2012:19:30:39] ENGINE Bus STOPPED
[25/Aug/2012:19:30:39] ENGINE Bus EXITING
[25/Aug/2012:19:30:39] ENGINE Bus EXITED
[25/Aug/2012:19:30:41] ENGINE Bus STARTING
[25/Aug/2012:19:30:41] ENGINE Started monitor thread '_TimeoutMonitor'.
[25/Aug/2012:19:30:41] ENGINE Serving on 0.0.0.0:8080
[25/Aug/2012:19:30:41] ENGINE Bus STARTED
[25/Aug/2012:19:31:22] ENGINE Bus STOPPING
[25/Aug/2012:19:31:22] ENGINE HTTP Server cherrypy._cpwsgi_server.CPWSGIServer(('0.0.0.0', 8080)) shut down
[25/Aug/2012:19:31:22] ENGINE Stopped thread '_TimeoutMonitor'.
[25/Aug/2012:19:31:22] ENGINE Bus STOPPED
[25/Aug/2012:19:31:22] ENGINE Bus EXITING
[25/Aug/2012:19:31:22] ENGINE Bus EXITED
[25/Aug/2012:19:31:23] ENGINE Bus STARTING
[25/Aug/2012:19:31:23] ENGINE Started monitor thread '_TimeoutMonitor'.
[25/Aug/2012:19:31:23] ENGINE Serving on 127.0.0.1:8080
[25/Aug/2012:19:31:23] ENGINE Bus STARTED
[25/Aug/2012:19:31:38] ENGINE Bus STOPPING
[25/Aug/2012:19:31:38] ENGINE HTTP Server cherrypy._cpwsgi_server.CPWSGIServer(('127.0.0.1', 8080)) shut down
[25/Aug/2012:19:31:38] ENGINE Stopped thread '_TimeoutMonitor'.
[25/Aug/2012:19:31:38] ENGINE Bus STOPPED
[25/Aug/2012:19:31:38] ENGINE Bus EXITING
[25/Aug/2012:19:31:38] ENGINE Bus EXITED
[25/Aug/2012:19:31:39] ENGINE Bus STARTING
[25/Aug/2012:19:31:39] ENGINE Started monitor thread '_TimeoutMonitor'.
[25/Aug/2012:19:31:39] ENGINE Serving on 127.0.0.1:8080
[25/Aug/2012:19:31:39] ENGINE Bus STARTED
[25/Aug/2012:19:31:41] ENGINE Started monitor thread 'Session cleanup'.
[25/Aug/2012:19:32:38] ENGINE Bus STOPPING
[25/Aug/2012:19:32:38] ENGINE HTTP Server cherrypy._cpwsgi_server.CPWSGIServer(('127.0.0.1', 8080)) shut down
[25/Aug/2012:19:32:38] ENGINE Stopped thread 'Session cleanup'.
[25/Aug/2012:19:32:38] ENGINE Stopped thread '_TimeoutMonitor'.
[25/Aug/2012:19:32:38] ENGINE Bus STOPPED
[25/Aug/2012:19:32:38] ENGINE Bus EXITING
[25/Aug/2012:19:32:38] ENGINE Bus EXITED
[25/Aug/2012:19:32:40] ENGINE Bus STARTING
[25/Aug/2012:19:32:40] ENGINE Started monitor thread '_TimeoutMonitor'.
[25/Aug/2012:19:32:40] ENGINE Serving on 0.0.0.0:8080
[25/Aug/2012:19:32:40] ENGINE Bus STARTED
[25/Aug/2012:19:32:43] ENGINE Started monitor thread 'Session cleanup'.
[25/Aug/2012:19:33:05] ENGINE Bus STOPPING
[25/Aug/2012:19:33:05] ENGINE HTTP Server cherrypy._cpwsgi_server.CPWSGIServer(('0.0.0.0', 8080)) shut down
[25/Aug/2012:19:33:05] ENGINE Stopped thread 'Session cleanup'.
[25/Aug/2012:19:33:05] ENGINE Stopped thread '_TimeoutMonitor'.
[25/Aug/2012:19:33:05] ENGINE Bus STOPPED
[25/Aug/2012:19:33:05] ENGINE Bus EXITING
[25/Aug/2012:19:33:05] ENGINE Bus EXITED
[25/Aug/2012:19:38:35] ENGINE Bus STARTING
[25/Aug/2012:19:38:35] ENGINE Started monitor thread '_TimeoutMonitor'.
[25/Aug/2012:19:38:35] ENGINE Serving on 0.0.0.0:8080
[25/Aug/2012:19:38:35] ENGINE Bus STARTED
[25/Aug/2012:19:38:38] ENGINE Bus STOPPING
[25/Aug/2012:19:38:38] ENGINE HTTP Server cherrypy._cpwsgi_server.CPWSGIServer(('0.0.0.0', 8080)) shut down
[25/Aug/2012:19:38:38] ENGINE Stopped thread '_TimeoutMonitor'.
[25/Aug/2012:19:38:38] ENGINE Bus STOPPED
[25/Aug/2012:19:38:38] ENGINE Bus EXITING
[25/Aug/2012:19:38:38] ENGINE Bus EXITED
[25/Aug/2012:19:41:59] ENGINE Bus STARTING
[25/Aug/2012:19:41:59] ENGINE Started monitor thread '_TimeoutMonitor'.
[25/Aug/2012:19:41:59] ENGINE Error in 'start' listener <bound method Server.start of <cherrypy._cpserver.Server object at 0x8a3c5ac>>
Traceback (most recent call last):
  File "/usr/lib/python3.2/site-packages/cherrypy/process/wspbus.py", line 197, in publish
    output.append(listener(*args, **kwargs))
  File "/usr/lib/python3.2/site-packages/cherrypy/_cpserver.py", line 150, in start
    self.httpserver, self.bind_addr = self.httpserver_from_self()
  File "/usr/lib/python3.2/site-packages/cherrypy/_cpserver.py", line 141, in httpserver_from_self
    httpserver = _cpwsgi_server.CPWSGIServer(self)
  File "/usr/lib/python3.2/site-packages/cherrypy/_cpwsgi_server.py", line 53, in __init__
    adapter_class = wsgiserver.get_ssl_adapter_class(ssl_module)
  File "/usr/lib/python3.2/site-packages/cherrypy/wsgiserver/wsgiserver3.py", line 1758, in get_ssl_adapter_class
    adapter = ssl_adapters[name.lower()]
KeyError: 'pyopenssl'

[25/Aug/2012:19:41:59] ENGINE Shutting down due to error in start listener:
Traceback (most recent call last):
  File "/usr/lib/python3.2/site-packages/cherrypy/process/wspbus.py", line 235, in start
    self.publish('start')
  File "/usr/lib/python3.2/site-packages/cherrypy/process/wspbus.py", line 215, in publish
    raise exc
cherrypy.process.wspbus.ChannelFailures: KeyError('pyopenssl',)

[25/Aug/2012:19:41:59] ENGINE Bus STOPPING
[25/Aug/2012:19:41:59] ENGINE HTTP Server None already shut down
[25/Aug/2012:19:41:59] ENGINE Stopped thread '_TimeoutMonitor'.
[25/Aug/2012:19:41:59] ENGINE Bus STOPPED
[25/Aug/2012:19:41:59] ENGINE Bus EXITING
[25/Aug/2012:19:41:59] ENGINE Bus EXITED
[25/Aug/2012:19:42:12] ENGINE Bus STARTING
[25/Aug/2012:19:42:12] ENGINE Started monitor thread '_TimeoutMonitor'.
[25/Aug/2012:19:42:12] ENGINE Error in 'start' listener <bound method Server.start of <cherrypy._cpserver.Server object at 0x96aa56c>>
Traceback (most recent call last):
  File "/usr/lib/python3.2/site-packages/cherrypy/process/wspbus.py", line 197, in publish
    output.append(listener(*args, **kwargs))
  File "/usr/lib/python3.2/site-packages/cherrypy/_cpserver.py", line 150, in start
    self.httpserver, self.bind_addr = self.httpserver_from_self()
  File "/usr/lib/python3.2/site-packages/cherrypy/_cpserver.py", line 141, in httpserver_from_self
    httpserver = _cpwsgi_server.CPWSGIServer(self)
  File "/usr/lib/python3.2/site-packages/cherrypy/_cpwsgi_server.py", line 53, in __init__
    adapter_class = wsgiserver.get_ssl_adapter_class(ssl_module)
  File "/usr/lib/python3.2/site-packages/cherrypy/wsgiserver/wsgiserver3.py", line 1758, in get_ssl_adapter_class
    adapter = ssl_adapters[name.lower()]
KeyError: 'openssl'

[25/Aug/2012:19:42:12] ENGINE Shutting down due to error in start listener:
Traceback (most recent call last):
  File "/usr/lib/python3.2/site-packages/cherrypy/process/wspbus.py", line 235, in start
    self.publish('start')
  File "/usr/lib/python3.2/site-packages/cherrypy/process/wspbus.py", line 215, in publish
    raise exc
cherrypy.process.wspbus.ChannelFailures: KeyError('openssl',)

[25/Aug/2012:19:42:12] ENGINE Bus STOPPING
[25/Aug/2012:19:42:12] ENGINE HTTP Server None already shut down
[25/Aug/2012:19:42:12] ENGINE Stopped thread '_TimeoutMonitor'.
[25/Aug/2012:19:42:12] ENGINE Bus STOPPED
[25/Aug/2012:19:42:12] ENGINE Bus EXITING
[25/Aug/2012:19:42:12] ENGINE Bus EXITED
[25/Aug/2012:19:47:04] ENGINE Bus STARTING
[25/Aug/2012:19:47:04] ENGINE Started monitor thread '_TimeoutMonitor'.
[25/Aug/2012:19:47:04] ENGINE Serving on 0.0.0.0:8080
[25/Aug/2012:19:47:04] ENGINE Bus STARTED
[25/Aug/2012:19:47:20] ENGINE socket.error 1
Traceback (most recent call last):
  File "/usr/lib/python3.2/site-packages/cherrypy/wsgiserver/wsgiserver3.py", line 1026, in communicate
    req.parse_request()
  File "/usr/lib/python3.2/site-packages/cherrypy/wsgiserver/wsgiserver3.py", line 570, in parse_request
    success = self.read_request_line()
  File "/usr/lib/python3.2/site-packages/cherrypy/wsgiserver/wsgiserver3.py", line 601, in read_request_line
    request_line = self.rfile.readline()
  File "/usr/lib/python3.2/site-packages/cherrypy/wsgiserver/wsgiserver3.py", line 264, in readline
    data = self.rfile.readline(256)
  File "/usr/lib/python3.2/_pyio.py", line 479, in readline
    b = self.read(nreadahead())
  File "/usr/lib/python3.2/_pyio.py", line 463, in nreadahead
    readahead = self.peek(1)
  File "/usr/lib/python3.2/_pyio.py", line 1006, in peek
    return self._peek_unlocked(n)
  File "/usr/lib/python3.2/_pyio.py", line 1015, in _peek_unlocked
    current = self.raw.read(to_read)
  File "/usr/lib/python3.2/socket.py", line 276, in readinto
    return self._sock.recv_into(b)
  File "/usr/lib/python3.2/ssl.py", line 399, in recv_into
    return self.read(nbytes, buffer)
  File "/usr/lib/python3.2/ssl.py", line 293, in read
    v = self._sslobj.read(len, buffer)
ssl.SSLError: [Errno 1] _ssl.c:1264: error:14094418:SSL routines:SSL3_READ_BYTES:tlsv1 alert unknown ca

[25/Aug/2012:19:47:26] ENGINE Started monitor thread 'Session cleanup'.
[25/Aug/2012:20:27:03] ENGINE Bus STOPPING
[25/Aug/2012:20:27:03] ENGINE HTTP Server cherrypy._cpwsgi_server.CPWSGIServer(('0.0.0.0', 8080)) shut down
[25/Aug/2012:20:27:03] ENGINE Stopped thread 'Session cleanup'.
[25/Aug/2012:20:27:03] ENGINE Stopped thread '_TimeoutMonitor'.
[25/Aug/2012:20:27:03] ENGINE Bus STOPPED
[25/Aug/2012:20:27:03] ENGINE Bus EXITING
[25/Aug/2012:20:27:03] ENGINE Bus EXITED
[25/Aug/2012:20:27:05] ENGINE Bus STARTING
[25/Aug/2012:20:27:05] ENGINE Started monitor thread '_TimeoutMonitor'.
[25/Aug/2012:20:27:05] ENGINE Serving on 0.0.0.0:8080
[25/Aug/2012:20:27:05] ENGINE Bus STARTED
[25/Aug/2012:20:34:55] ENGINE Bus STOPPING
[25/Aug/2012:20:34:55] ENGINE HTTP Server cherrypy._cpwsgi_server.CPWSGIServer(('0.0.0.0', 8080)) shut down
[25/Aug/2012:20:34:55] ENGINE Stopped thread '_TimeoutMonitor'.
[25/Aug/2012:20:34:55] ENGINE Bus STOPPED
[25/Aug/2012:20:34:55] ENGINE Bus EXITING
[25/Aug/2012:20:34:55] ENGINE Bus EXITED
[25/Aug/2012:20:35:24] ENGINE Bus STARTING
[25/Aug/2012:20:35:24] ENGINE Started monitor thread '_TimeoutMonitor'.
[25/Aug/2012:20:35:24] ENGINE Serving on 0.0.0.0:8443
[25/Aug/2012:20:35:25] ENGINE Serving on 0.0.0.0:8080
[25/Aug/2012:20:35:25] ENGINE Bus STARTED
[25/Aug/2012:20:35:36] ENGINE Started monitor thread 'Session cleanup'.
[25/Aug/2012:20:36:00] ENGINE socket.error 1
Traceback (most recent call last):
  File "/usr/lib/python3.2/site-packages/cherrypy/wsgiserver/wsgiserver3.py", line 1026, in communicate
    req.parse_request()
  File "/usr/lib/python3.2/site-packages/cherrypy/wsgiserver/wsgiserver3.py", line 570, in parse_request
    success = self.read_request_line()
  File "/usr/lib/python3.2/site-packages/cherrypy/wsgiserver/wsgiserver3.py", line 601, in read_request_line
    request_line = self.rfile.readline()
  File "/usr/lib/python3.2/site-packages/cherrypy/wsgiserver/wsgiserver3.py", line 264, in readline
    data = self.rfile.readline(256)
  File "/usr/lib/python3.2/_pyio.py", line 479, in readline
    b = self.read(nreadahead())
  File "/usr/lib/python3.2/_pyio.py", line 463, in nreadahead
    readahead = self.peek(1)
  File "/usr/lib/python3.2/_pyio.py", line 1006, in peek
    return self._peek_unlocked(n)
  File "/usr/lib/python3.2/_pyio.py", line 1015, in _peek_unlocked
    current = self.raw.read(to_read)
  File "/usr/lib/python3.2/socket.py", line 276, in readinto
    return self._sock.recv_into(b)
  File "/usr/lib/python3.2/ssl.py", line 399, in recv_into
    return self.read(nbytes, buffer)
  File "/usr/lib/python3.2/ssl.py", line 293, in read
    v = self._sslobj.read(len, buffer)
ssl.SSLError: [Errno 1] _ssl.c:1264: error:14094418:SSL routines:SSL3_READ_BYTES:tlsv1 alert unknown ca

[25/Aug/2012:20:39:27] ENGINE Bus STOPPING
[25/Aug/2012:20:39:27] ENGINE HTTP Server cherrypy._cpwsgi_server.CPWSGIServer(('0.0.0.0', 8080)) shut down
[25/Aug/2012:20:39:27] ENGINE HTTP Server cherrypy._cpwsgi_server.CPWSGIServer(('0.0.0.0', 8443)) shut down
[25/Aug/2012:20:39:27] ENGINE Stopped thread 'Session cleanup'.
[25/Aug/2012:20:39:27] ENGINE Stopped thread '_TimeoutMonitor'.
[25/Aug/2012:20:39:27] ENGINE Bus STOPPED
[25/Aug/2012:20:39:27] ENGINE Bus EXITING
[25/Aug/2012:20:39:27] ENGINE Bus EXITED
[25/Aug/2012:20:39:28] ENGINE Bus STARTING
[25/Aug/2012:20:39:28] ENGINE Started monitor thread '_TimeoutMonitor'.
[25/Aug/2012:20:39:29] ENGINE Serving on 0.0.0.0:8443
[25/Aug/2012:20:39:29] ENGINE Serving on 0.0.0.0:8080
[25/Aug/2012:20:39:29] ENGINE Bus STARTED
[25/Aug/2012:20:39:34] ENGINE Started monitor thread 'Session cleanup'.
[25/Aug/2012:20:44:34] ENGINE Bus STOPPING
[25/Aug/2012:20:44:34] ENGINE HTTP Server cherrypy._cpwsgi_server.CPWSGIServer(('0.0.0.0', 8443)) shut down
[25/Aug/2012:20:44:34] ENGINE HTTP Server cherrypy._cpwsgi_server.CPWSGIServer(('0.0.0.0', 8080)) shut down
[25/Aug/2012:20:44:34] ENGINE Stopped thread 'Session cleanup'.
[25/Aug/2012:20:44:34] ENGINE Stopped thread '_TimeoutMonitor'.
[25/Aug/2012:20:44:34] ENGINE Bus STOPPED
[25/Aug/2012:20:44:34] ENGINE Bus EXITING
[25/Aug/2012:20:44:34] ENGINE Bus EXITED
[25/Aug/2012:20:44:36] ENGINE Bus STARTING
[25/Aug/2012:20:44:36] ENGINE Started monitor thread '_TimeoutMonitor'.
[25/Aug/2012:20:44:36] ENGINE Serving on 0.0.0.0:8443
[25/Aug/2012:20:44:36] ENGINE Serving on 0.0.0.0:8080
[25/Aug/2012:20:44:36] ENGINE Bus STARTED
[25/Aug/2012:20:44:39] ENGINE Started monitor thread 'Session cleanup'.
[25/Aug/2012:20:45:47] ENGINE Bus STOPPING
[25/Aug/2012:20:45:47] ENGINE HTTP Server cherrypy._cpwsgi_server.CPWSGIServer(('0.0.0.0', 8443)) shut down
[25/Aug/2012:20:45:47] ENGINE HTTP Server cherrypy._cpwsgi_server.CPWSGIServer(('0.0.0.0', 8080)) shut down
[25/Aug/2012:20:45:47] ENGINE Stopped thread 'Session cleanup'.
[25/Aug/2012:20:45:47] ENGINE Stopped thread '_TimeoutMonitor'.
[25/Aug/2012:20:45:47] ENGINE Bus STOPPED
[25/Aug/2012:20:45:47] ENGINE Bus EXITING
[25/Aug/2012:20:45:47] ENGINE Bus EXITED
[25/Aug/2012:20:46:31] ENGINE Bus STARTING
[25/Aug/2012:20:46:31] ENGINE Started monitor thread '_TimeoutMonitor'.
[25/Aug/2012:20:46:31] ENGINE Serving on 0.0.0.0:8443
[25/Aug/2012:20:46:31] ENGINE Serving on 0.0.0.0:8080
[25/Aug/2012:20:46:31] ENGINE Bus STARTED
[25/Aug/2012:20:46:34] ENGINE Started monitor thread 'Session cleanup'.
[25/Aug/2012:20:52:55] ENGINE Bus STOPPING
[25/Aug/2012:20:52:55] ENGINE HTTP Server cherrypy._cpwsgi_server.CPWSGIServer(('0.0.0.0', 8443)) shut down
[25/Aug/2012:20:52:55] ENGINE HTTP Server cherrypy._cpwsgi_server.CPWSGIServer(('0.0.0.0', 8080)) shut down
[25/Aug/2012:20:52:55] ENGINE Stopped thread 'Session cleanup'.
[25/Aug/2012:20:52:55] ENGINE Stopped thread '_TimeoutMonitor'.
[25/Aug/2012:20:52:55] ENGINE Bus STOPPED
[25/Aug/2012:20:52:55] ENGINE Bus EXITING
[25/Aug/2012:20:52:55] ENGINE Bus EXITED
[25/Aug/2012:20:52:57] ENGINE Bus STARTING
[25/Aug/2012:20:52:57] ENGINE Started monitor thread '_TimeoutMonitor'.
[25/Aug/2012:20:52:57] ENGINE Serving on 0.0.0.0:8443
[25/Aug/2012:20:52:57] ENGINE Serving on 0.0.0.0:8080
[25/Aug/2012:20:52:57] ENGINE Bus STARTED
[25/Aug/2012:20:53:02] HTTP Traceback (most recent call last):
  File "/usr/lib/python3.2/site-packages/cherrypy/_cprequest.py", line 656, in respond
    response.body = self.handler()
  File "/usr/lib/python3.2/site-packages/cherrypy/lib/encoding.py", line 188, in __call__
    self.body = self.oldhandler(*args, **kwargs)
  File "/usr/lib/python3.2/site-packages/cherrypy/_cpdispatch.py", line 34, in __call__
    return self.callable(*self.args, **self.kwargs)
  File "/home/tom/project/musiccherry/github-source/cherrymusic/httphandler.py", line 39, in index
    if config.server.use_ssl.bool and not self.issecure(cherrypy.url()):
NameError: global name 'config' is not defined

[25/Aug/2012:20:53:25] ENGINE Bus STOPPING
[25/Aug/2012:20:53:25] ENGINE HTTP Server cherrypy._cpwsgi_server.CPWSGIServer(('0.0.0.0', 8443)) shut down
[25/Aug/2012:20:53:25] ENGINE HTTP Server cherrypy._cpwsgi_server.CPWSGIServer(('0.0.0.0', 8080)) shut down
[25/Aug/2012:20:53:25] ENGINE Stopped thread '_TimeoutMonitor'.
[25/Aug/2012:20:53:25] ENGINE Bus STOPPED
[25/Aug/2012:20:53:25] ENGINE Bus EXITING
[25/Aug/2012:20:53:25] ENGINE Bus EXITED
[25/Aug/2012:20:53:27] ENGINE Bus STARTING
[25/Aug/2012:20:53:27] ENGINE Started monitor thread '_TimeoutMonitor'.
[25/Aug/2012:20:53:27] ENGINE Serving on 0.0.0.0:8443
[25/Aug/2012:20:53:27] ENGINE Serving on 0.0.0.0:8080
[25/Aug/2012:20:53:27] ENGINE Bus STARTED
[25/Aug/2012:20:53:29] HTTP Traceback (most recent call last):
  File "/usr/lib/python3.2/site-packages/cherrypy/_cprequest.py", line 656, in respond
    response.body = self.handler()
  File "/usr/lib/python3.2/site-packages/cherrypy/lib/encoding.py", line 188, in __call__
    self.body = self.oldhandler(*args, **kwargs)
  File "/usr/lib/python3.2/site-packages/cherrypy/_cpdispatch.py", line 34, in __call__
    return self.callable(*self.args, **self.kwargs)
  File "/home/tom/project/musiccherry/github-source/cherrymusic/httphandler.py", line 40, in index
    cherrypy.HTTPRedirect(self.getSecureUrl(cherrypy.url()),302)
  File "/home/tom/project/musiccherry/github-source/cherrymusic/httphandler.py", line 34, in getSecureUrl
    ip = u[:u.index(':')]
ValueError: tuple.index(x): x not in tuple

[25/Aug/2012:20:53:48] ENGINE Bus STOPPING
[25/Aug/2012:20:53:48] ENGINE HTTP Server cherrypy._cpwsgi_server.CPWSGIServer(('0.0.0.0', 8443)) shut down
[25/Aug/2012:20:53:48] ENGINE HTTP Server cherrypy._cpwsgi_server.CPWSGIServer(('0.0.0.0', 8080)) shut down
[25/Aug/2012:20:53:48] ENGINE Stopped thread '_TimeoutMonitor'.
[25/Aug/2012:20:53:48] ENGINE Bus STOPPED
[25/Aug/2012:20:53:48] ENGINE Bus EXITING
[25/Aug/2012:20:53:48] ENGINE Bus EXITED
[25/Aug/2012:20:53:50] ENGINE Bus STARTING
[25/Aug/2012:20:53:50] ENGINE Started monitor thread '_TimeoutMonitor'.
[25/Aug/2012:20:53:50] ENGINE Serving on 0.0.0.0:8443
[25/Aug/2012:20:53:50] ENGINE Serving on 0.0.0.0:8080
[25/Aug/2012:20:53:50] ENGINE Bus STARTED
[25/Aug/2012:20:53:51] HTTP Traceback (most recent call last):
  File "/usr/lib/python3.2/site-packages/cherrypy/_cprequest.py", line 656, in respond
    response.body = self.handler()
  File "/usr/lib/python3.2/site-packages/cherrypy/lib/encoding.py", line 188, in __call__
    self.body = self.oldhandler(*args, **kwargs)
  File "/usr/lib/python3.2/site-packages/cherrypy/_cpdispatch.py", line 34, in __call__
    return self.callable(*self.args, **self.kwargs)
  File "/home/tom/project/musiccherry/github-source/cherrymusic/httphandler.py", line 40, in index
    cherrypy.HTTPRedirect(self.getSecureUrl(cherrypy.url()),302)
  File "/home/tom/project/musiccherry/github-source/cherrymusic/httphandler.py", line 35, in getSecureUrl
    return 'https://'+ip+':'+cherry.config.server.ssl_port.int
TypeError: Can't convert 'int' object to str implicitly

[25/Aug/2012:20:54:02] ENGINE Bus STOPPING
[25/Aug/2012:20:54:02] ENGINE HTTP Server cherrypy._cpwsgi_server.CPWSGIServer(('0.0.0.0', 8443)) shut down
[25/Aug/2012:20:54:02] ENGINE HTTP Server cherrypy._cpwsgi_server.CPWSGIServer(('0.0.0.0', 8080)) shut down
[25/Aug/2012:20:54:02] ENGINE Stopped thread '_TimeoutMonitor'.
[25/Aug/2012:20:54:02] ENGINE Bus STOPPED
[25/Aug/2012:20:54:02] ENGINE Bus EXITING
[25/Aug/2012:20:54:02] ENGINE Bus EXITED
[25/Aug/2012:20:54:03] ENGINE Bus STARTING
[25/Aug/2012:20:54:03] ENGINE Started monitor thread '_TimeoutMonitor'.
[25/Aug/2012:20:54:03] ENGINE Serving on 0.0.0.0:8443
[25/Aug/2012:20:54:04] ENGINE Serving on 0.0.0.0:8080
[25/Aug/2012:20:54:04] ENGINE Bus STARTED
[25/Aug/2012:20:54:07] ENGINE Started monitor thread 'Session cleanup'.
[25/Aug/2012:20:54:31] ENGINE Bus STOPPING
[25/Aug/2012:20:54:31] ENGINE HTTP Server cherrypy._cpwsgi_server.CPWSGIServer(('0.0.0.0', 8443)) shut down
[25/Aug/2012:20:54:31] ENGINE HTTP Server cherrypy._cpwsgi_server.CPWSGIServer(('0.0.0.0', 8080)) shut down
[25/Aug/2012:20:54:31] ENGINE Stopped thread 'Session cleanup'.
[25/Aug/2012:20:54:31] ENGINE Stopped thread '_TimeoutMonitor'.
[25/Aug/2012:20:54:31] ENGINE Bus STOPPED
[25/Aug/2012:20:54:31] ENGINE Bus EXITING
[25/Aug/2012:20:54:31] ENGINE Bus EXITED
[25/Aug/2012:20:54:33] ENGINE Bus STARTING
[25/Aug/2012:20:54:33] ENGINE Started monitor thread '_TimeoutMonitor'.
[25/Aug/2012:20:54:33] ENGINE Serving on 0.0.0.0:8443
[25/Aug/2012:20:54:33] ENGINE Serving on 0.0.0.0:8080
[25/Aug/2012:20:54:33] ENGINE Bus STARTED
[25/Aug/2012:20:54:34] ENGINE Started monitor thread 'Session cleanup'.
[25/Aug/2012:20:54:55] ENGINE Bus STOPPING
[25/Aug/2012:20:54:55] ENGINE HTTP Server cherrypy._cpwsgi_server.CPWSGIServer(('0.0.0.0', 8443)) shut down
[25/Aug/2012:20:54:55] ENGINE HTTP Server cherrypy._cpwsgi_server.CPWSGIServer(('0.0.0.0', 8080)) shut down
[25/Aug/2012:20:54:55] ENGINE Stopped thread 'Session cleanup'.
[25/Aug/2012:20:54:55] ENGINE Stopped thread '_TimeoutMonitor'.
[25/Aug/2012:20:54:55] ENGINE Bus STOPPED
[25/Aug/2012:20:54:55] ENGINE Bus EXITING
[25/Aug/2012:20:54:55] ENGINE Bus EXITED
[25/Aug/2012:20:54:57] ENGINE Bus STARTING
[25/Aug/2012:20:54:57] ENGINE Started monitor thread '_TimeoutMonitor'.
[25/Aug/2012:20:54:57] ENGINE Serving on 0.0.0.0:8443
[25/Aug/2012:20:54:57] ENGINE Serving on 0.0.0.0:8080
[25/Aug/2012:20:54:57] ENGINE Bus STARTED
[25/Aug/2012:20:55:00] ENGINE Started monitor thread 'Session cleanup'.
[25/Aug/2012:20:55:25] ENGINE Bus STOPPING
[25/Aug/2012:20:55:29] ENGINE HTTP Server cherrypy._cpwsgi_server.CPWSGIServer(('0.0.0.0', 8443)) shut down
[25/Aug/2012:20:55:29] ENGINE HTTP Server cherrypy._cpwsgi_server.CPWSGIServer(('0.0.0.0', 8080)) shut down
[25/Aug/2012:20:55:29] ENGINE Stopped thread 'Session cleanup'.
[25/Aug/2012:20:55:29] ENGINE Stopped thread '_TimeoutMonitor'.
[25/Aug/2012:20:55:29] ENGINE Bus STOPPED
[25/Aug/2012:20:55:29] ENGINE Bus EXITING
[25/Aug/2012:20:55:29] ENGINE Bus EXITED
[25/Aug/2012:20:55:49] ENGINE Bus STARTING
[25/Aug/2012:20:55:49] ENGINE Started monitor thread '_TimeoutMonitor'.
[25/Aug/2012:20:55:49] ENGINE Serving on 0.0.0.0:8080
[25/Aug/2012:20:55:49] ENGINE Bus STARTED
[25/Aug/2012:20:55:57] ENGINE Started monitor thread 'Session cleanup'.
[25/Aug/2012:20:56:10] ENGINE Bus STOPPING
[25/Aug/2012:20:56:15] ENGINE HTTP Server cherrypy._cpwsgi_server.CPWSGIServer(('0.0.0.0', 8080)) shut down
[25/Aug/2012:20:56:15] ENGINE Stopped thread '_TimeoutMonitor'.
[25/Aug/2012:20:56:15] ENGINE Stopped thread 'Session cleanup'.
[25/Aug/2012:20:56:15] ENGINE Bus STOPPED
[25/Aug/2012:20:56:15] ENGINE Bus EXITING
[25/Aug/2012:20:56:15] ENGINE Bus EXITED
[25/Aug/2012:21:14:24] ENGINE Bus STARTING
[25/Aug/2012:21:14:24] ENGINE Started monitor thread '_TimeoutMonitor'.
[25/Aug/2012:21:14:24] ENGINE Serving on 0.0.0.0:8080
[25/Aug/2012:21:14:24] ENGINE Bus STARTED
[25/Aug/2012:21:14:26] ENGINE Bus STOPPING
[25/Aug/2012:21:14:26] ENGINE HTTP Server cherrypy._cpwsgi_server.CPWSGIServer(('0.0.0.0', 8080)) shut down
[25/Aug/2012:21:14:26] ENGINE Stopped thread '_TimeoutMonitor'.
[25/Aug/2012:21:14:26] ENGINE Bus STOPPED
[25/Aug/2012:21:14:26] ENGINE Bus EXITING
[25/Aug/2012:21:14:26] ENGINE Bus EXITED
[25/Aug/2012:21:14:44] ENGINE Bus STARTING
[25/Aug/2012:21:14:44] ENGINE Started monitor thread '_TimeoutMonitor'.
[25/Aug/2012:21:14:44] ENGINE Serving on 0.0.0.0:8080
[25/Aug/2012:21:14:44] ENGINE Bus STARTED
[31/Aug/2012:00:07:19] ENGINE Bus STARTING
[31/Aug/2012:00:07:19] ENGINE Started monitor thread '_TimeoutMonitor'.
[31/Aug/2012:00:07:19] ENGINE Serving on 0.0.0.0:8080
[31/Aug/2012:00:07:19] ENGINE Bus STARTED
[31/Aug/2012:00:07:28] ENGINE Started monitor thread 'Session cleanup'.
[31/Aug/2012:00:07:33] HTTP Traceback (most recent call last):
  File "/usr/lib/python3.2/site-packages/cherrypy/_cprequest.py", line 656, in respond
    response.body = self.handler()
  File "/usr/lib/python3.2/site-packages/cherrypy/lib/encoding.py", line 188, in __call__
    self.body = self.oldhandler(*args, **kwargs)
  File "/usr/lib/python3.2/site-packages/cherrypy/_cpdispatch.py", line 34, in __call__
    return self.callable(*self.args, **self.kwargs)
  File "/home/tom/project/musiccherry/github-source/cherrymusic/httphandler.py", line 80, in index
    self.session_auth(username, password)
  File "/home/tom/project/musiccherry/github-source/cherrymusic/httphandler.py", line 101, in session_auth
    user = self.userdb.auth(username, password)
  File "/home/tom/project/musiccherry/github-source/cherrymusic/userdb.py", line 72, in auth
    WHERE username = ?''', (username,))
sqlite3.OperationalError: no such column: salt

[31/Aug/2012:00:07:41] ENGINE Bus STOPPING
[31/Aug/2012:00:07:42] ENGINE HTTP Server cherrypy._cpwsgi_server.CPWSGIServer(('0.0.0.0', 8080)) shut down
[31/Aug/2012:00:07:42] ENGINE Stopped thread '_TimeoutMonitor'.
[31/Aug/2012:00:07:42] ENGINE Stopped thread 'Session cleanup'.
[31/Aug/2012:00:07:42] ENGINE Bus STOPPED
[31/Aug/2012:00:07:42] ENGINE Bus EXITING
[31/Aug/2012:00:07:42] ENGINE Bus EXITED
[31/Aug/2012:00:08:13] ENGINE Bus STARTING
[31/Aug/2012:00:08:13] ENGINE Started monitor thread '_TimeoutMonitor'.
[31/Aug/2012:00:08:13] ENGINE Serving on 0.0.0.0:8080
[31/Aug/2012:00:08:13] ENGINE Bus STARTED
[31/Aug/2012:00:08:29] ENGINE Started monitor thread 'Session cleanup'.
[31/Aug/2012:00:09:10] ENGINE Bus STOPPING
[31/Aug/2012:00:09:11] ENGINE HTTP Server cherrypy._cpwsgi_server.CPWSGIServer(('0.0.0.0', 8080)) shut down
[31/Aug/2012:00:09:11] ENGINE Stopped thread '_TimeoutMonitor'.
[31/Aug/2012:00:09:11] ENGINE Stopped thread 'Session cleanup'.
[31/Aug/2012:00:09:11] ENGINE Bus STOPPED
[31/Aug/2012:00:09:11] ENGINE Bus EXITING
[31/Aug/2012:00:09:11] ENGINE Bus EXITED
[31/Aug/2012:00:11:52] ENGINE Bus STARTING
[31/Aug/2012:00:11:52] ENGINE Started monitor thread '_TimeoutMonitor'.
[31/Aug/2012:00:11:52] ENGINE Serving on 0.0.0.0:8080
[31/Aug/2012:00:11:52] ENGINE Bus STARTED
[31/Aug/2012:00:11:59] ENGINE Started monitor thread 'Session cleanup'.
[31/Aug/2012:00:12:24] ENGINE Bus STOPPING
[31/Aug/2012:00:12:24] ENGINE HTTP Server cherrypy._cpwsgi_server.CPWSGIServer(('0.0.0.0', 8080)) shut down
[31/Aug/2012:00:12:24] ENGINE Stopped thread 'Session cleanup'.
[31/Aug/2012:00:12:24] ENGINE Stopped thread '_TimeoutMonitor'.
[31/Aug/2012:00:12:24] ENGINE Bus STOPPED
[31/Aug/2012:00:12:24] ENGINE Bus EXITING
[31/Aug/2012:00:12:24] ENGINE Bus EXITED
[31/Aug/2012:00:43:19] ENGINE Bus STARTING
[31/Aug/2012:00:43:19] ENGINE Started monitor thread '_TimeoutMonitor'.
[31/Aug/2012:00:43:20] ENGINE Serving on 0.0.0.0:8080
[31/Aug/2012:00:43:20] ENGINE Bus STARTED
[31/Aug/2012:00:49:39] ENGINE Bus STOPPING
[31/Aug/2012:00:49:39] ENGINE HTTP Server cherrypy._cpwsgi_server.CPWSGIServer(('0.0.0.0', 8080)) shut down
[31/Aug/2012:00:49:39] ENGINE Stopped thread '_TimeoutMonitor'.
[31/Aug/2012:00:49:39] ENGINE Bus STOPPED
[31/Aug/2012:00:49:39] ENGINE Bus EXITING
[31/Aug/2012:00:49:39] ENGINE Bus EXITED
[31/Aug/2012:00:51:27] ENGINE Bus STARTING
[31/Aug/2012:00:51:27] ENGINE Started monitor thread '_TimeoutMonitor'.
[31/Aug/2012:00:51:27] ENGINE Serving on 0.0.0.0:8080
[31/Aug/2012:00:51:27] ENGINE Bus STARTED
[31/Aug/2012:00:51:28] ENGINE Bus STOPPING
[31/Aug/2012:00:51:28] ENGINE HTTP Server cherrypy._cpwsgi_server.CPWSGIServer(('0.0.0.0', 8080)) shut down
[31/Aug/2012:00:51:28] ENGINE Stopped thread '_TimeoutMonitor'.
[31/Aug/2012:00:51:28] ENGINE Bus STOPPED
[31/Aug/2012:00:51:28] ENGINE Bus EXITING
[31/Aug/2012:00:51:28] ENGINE Bus EXITED
[31/Aug/2012:00:57:50] ENGINE Bus STARTING
[31/Aug/2012:00:57:50] ENGINE Started monitor thread '_TimeoutMonitor'.
[31/Aug/2012:00:57:50] ENGINE Serving on 0.0.0.0:8080
[31/Aug/2012:00:57:50] ENGINE Bus STARTED
[31/Aug/2012:00:57:56] ENGINE Bus STOPPING
[31/Aug/2012:00:57:56] ENGINE HTTP Server cherrypy._cpwsgi_server.CPWSGIServer(('0.0.0.0', 8080)) shut down
[31/Aug/2012:00:57:56] ENGINE Stopped thread '_TimeoutMonitor'.
[31/Aug/2012:00:57:56] ENGINE Bus STOPPED
[31/Aug/2012:00:57:56] ENGINE Bus EXITING
[31/Aug/2012:00:57:56] ENGINE Bus EXITED
[31/Aug/2012:00:58:24] ENGINE Bus STARTING
[31/Aug/2012:00:58:24] ENGINE Started monitor thread '_TimeoutMonitor'.
[31/Aug/2012:00:58:24] ENGINE Serving on 0.0.0.0:8080
[31/Aug/2012:00:58:24] ENGINE Bus STARTED
[31/Aug/2012:00:58:26] ENGINE Bus STOPPING
[31/Aug/2012:00:58:26] ENGINE HTTP Server cherrypy._cpwsgi_server.CPWSGIServer(('0.0.0.0', 8080)) shut down
[31/Aug/2012:00:58:26] ENGINE Stopped thread '_TimeoutMonitor'.
[31/Aug/2012:00:58:26] ENGINE Bus STOPPED
[31/Aug/2012:00:58:26] ENGINE Bus EXITING
[31/Aug/2012:00:58:26] ENGINE Bus EXITED
[31/Aug/2012:01:56:20] ENGINE Bus STARTING
[31/Aug/2012:01:56:20] ENGINE Started monitor thread '_TimeoutMonitor'.
[31/Aug/2012:01:56:20] ENGINE Serving on 0.0.0.0:8080
[31/Aug/2012:01:56:20] ENGINE Bus STARTED
[31/Aug/2012:01:56:39] ENGINE Started monitor thread 'Session cleanup'.
[31/Aug/2012:01:56:49] HTTP Traceback (most recent call last):
  File "/usr/lib/python3.2/site-packages/cherrypy/_cprequest.py", line 656, in respond
    response.body = self.handler()
  File "/usr/lib/python3.2/site-packages/cherrypy/lib/encoding.py", line 188, in __call__
    self.body = self.oldhandler(*args, **kwargs)
  File "/usr/lib/python3.2/site-packages/cherrypy/_cpdispatch.py", line 34, in __call__
    return self.callable(*self.args, **self.kwargs)
  File "/home/tom/project/musiccherry/github-source/cherrymusic/httphandler.py", line 108, in api
    return self.handle(self.jsonrenderer, action, value, filter)
  File "/home/tom/project/musiccherry/github-source/cherrymusic/httphandler.py", line 115, in handle
    return renderer.render(self.model.search(value.strip()))
  File "/home/tom/project/musiccherry/github-source/cherrymusic/cherrymodel.py", line 103, in search
    log.d(user+' searched for "'+term+'"')
NameError: global name 'log' is not defined

[31/Aug/2012:01:57:41] ENGINE Bus STOPPING
[31/Aug/2012:01:57:41] ENGINE HTTP Server cherrypy._cpwsgi_server.CPWSGIServer(('0.0.0.0', 8080)) shut down
[31/Aug/2012:01:57:41] ENGINE Stopped thread '_TimeoutMonitor'.
[31/Aug/2012:01:57:41] ENGINE Stopped thread 'Session cleanup'.
[31/Aug/2012:01:57:41] ENGINE Bus STOPPED
[31/Aug/2012:01:57:41] ENGINE Bus EXITING
[31/Aug/2012:01:57:41] ENGINE Bus EXITED
[31/Aug/2012:01:57:42] ENGINE Bus STARTING
[31/Aug/2012:01:57:42] ENGINE Started monitor thread '_TimeoutMonitor'.
[31/Aug/2012:01:57:43] ENGINE Serving on 0.0.0.0:8080
[31/Aug/2012:01:57:43] ENGINE Bus STARTED
[31/Aug/2012:01:57:46] ENGINE Started monitor thread 'Session cleanup'.
[31/Aug/2012:01:58:37] ENGINE Bus STOPPING
[31/Aug/2012:01:58:37] ENGINE HTTP Server cherrypy._cpwsgi_server.CPWSGIServer(('0.0.0.0', 8080)) shut down
[31/Aug/2012:01:58:37] ENGINE Stopped thread 'Session cleanup'.
[31/Aug/2012:01:58:37] ENGINE Stopped thread '_TimeoutMonitor'.
[31/Aug/2012:01:58:37] ENGINE Bus STOPPED
[31/Aug/2012:01:58:37] ENGINE Bus EXITING
[31/Aug/2012:01:58:37] ENGINE Bus EXITED
[31/Aug/2012:02:11:13] ENGINE Bus STARTING
[31/Aug/2012:02:11:13] ENGINE Started monitor thread '_TimeoutMonitor'.
[31/Aug/2012:02:11:13] ENGINE Serving on 0.0.0.0:8080
[31/Aug/2012:02:11:13] ENGINE Bus STARTED
[31/Aug/2012:02:11:20] ENGINE Started monitor thread 'Session cleanup'.
[31/Aug/2012:02:27:22] ENGINE Bus STOPPING
[31/Aug/2012:02:27:22] ENGINE HTTP Server cherrypy._cpwsgi_server.CPWSGIServer(('0.0.0.0', 8080)) shut down
[31/Aug/2012:02:27:22] ENGINE Stopped thread 'Session cleanup'.
[31/Aug/2012:02:27:22] ENGINE Stopped thread '_TimeoutMonitor'.
[31/Aug/2012:02:27:22] ENGINE Bus STOPPED
[31/Aug/2012:02:27:22] ENGINE Bus EXITING
[31/Aug/2012:02:27:22] ENGINE Bus EXITED
[01/Sep/2012:01:07:10] ENGINE Bus STARTING
[01/Sep/2012:01:07:10] ENGINE Started monitor thread '_TimeoutMonitor'.
[01/Sep/2012:01:07:11] ENGINE Serving on 0.0.0.0:8080
[01/Sep/2012:01:07:11] ENGINE Bus STARTED
[01/Sep/2012:01:07:21] ENGINE Started monitor thread 'Session cleanup'.
[01/Sep/2012:01:08:14] ENGINE Bus STOPPING
[01/Sep/2012:01:08:14] ENGINE HTTP Server cherrypy._cpwsgi_server.CPWSGIServer(('0.0.0.0', 8080)) shut down
[01/Sep/2012:01:08:14] ENGINE Stopped thread 'Session cleanup'.
[01/Sep/2012:01:08:14] ENGINE Stopped thread '_TimeoutMonitor'.
[01/Sep/2012:01:08:14] ENGINE Bus STOPPED
[01/Sep/2012:01:08:14] ENGINE Bus EXITING
[01/Sep/2012:01:08:14] ENGINE Bus EXITED
[01/Sep/2012:01:08:16] ENGINE Bus STARTING
[01/Sep/2012:01:08:16] ENGINE Started monitor thread '_TimeoutMonitor'.
[01/Sep/2012:01:08:16] ENGINE Serving on 0.0.0.0:8080
[01/Sep/2012:01:08:16] ENGINE Bus STARTED
[01/Sep/2012:01:08:18] ENGINE Started monitor thread 'Session cleanup'.
[01/Sep/2012:01:08:26] ENGINE Bus STOPPING
[01/Sep/2012:01:08:31] ENGINE HTTP Server cherrypy._cpwsgi_server.CPWSGIServer(('0.0.0.0', 8080)) shut down
[01/Sep/2012:01:08:31] ENGINE Stopped thread '_TimeoutMonitor'.
[01/Sep/2012:01:08:31] ENGINE Stopped thread 'Session cleanup'.
[01/Sep/2012:01:08:31] ENGINE Bus STOPPED
[01/Sep/2012:01:08:31] ENGINE Bus EXITING
[01/Sep/2012:01:08:31] ENGINE Bus EXITED
[01/Sep/2012:01:42:05] ENGINE Bus STARTING
[01/Sep/2012:01:42:05] ENGINE Started monitor thread '_TimeoutMonitor'.
[01/Sep/2012:01:42:05] ENGINE Serving on 0.0.0.0:8080
[01/Sep/2012:01:42:05] ENGINE Bus STARTED
[01/Sep/2012:01:42:32] ENGINE Started monitor thread 'Session cleanup'.
[01/Sep/2012:20:29:04] ENGINE Bus STARTING
[01/Sep/2012:20:29:04] ENGINE Started monitor thread '_TimeoutMonitor'.
[01/Sep/2012:20:29:04] ENGINE Serving on 0.0.0.0:8080
[01/Sep/2012:20:29:04] ENGINE Bus STARTED
[01/Sep/2012:20:29:15] ENGINE Started monitor thread 'Session cleanup'.
[01/Sep/2012:20:29:46] HTTP Traceback (most recent call last):
  File "/usr/lib/python3.2/site-packages/cherrypy/_cprequest.py", line 656, in respond
    response.body = self.handler()
  File "/usr/lib/python3.2/site-packages/cherrypy/lib/encoding.py", line 188, in __call__
    self.body = self.oldhandler(*args, **kwargs)
  File "/usr/lib/python3.2/site-packages/cherrypy/_cpdispatch.py", line 34, in __call__
    return self.callable(*self.args, **self.kwargs)
  File "/home/tom/project/musiccherry/github-source/cherrymusic/httphandler.py", line 109, in api
    return self.handle(self.jsonrenderer, action, value, filter)
  File "/home/tom/project/musiccherry/github-source/cherrymusic/httphandler.py", line 152, in handle
    return json.dumps(cherry.config.media.playable)
  File "/usr/lib/python3.2/json/__init__.py", line 226, in dumps
    return _default_encoder.encode(obj)
  File "/usr/lib/python3.2/json/encoder.py", line 188, in encode
    chunks = self.iterencode(o, _one_shot=True)
  File "/usr/lib/python3.2/json/encoder.py", line 246, in iterencode
    return _iterencode(o, 0)
  File "/usr/lib/python3.2/json/encoder.py", line 170, in default
    raise TypeError(repr(o) + " is not JSON serializable")
TypeError: ('media.playable', 'mp3 ogg wma flac', '') is not JSON serializable

[01/Sep/2012:20:30:15] ENGINE Bus STOPPING
[01/Sep/2012:20:30:15] ENGINE HTTP Server cherrypy._cpwsgi_server.CPWSGIServer(('0.0.0.0', 8080)) shut down
[01/Sep/2012:20:30:15] ENGINE Stopped thread 'Session cleanup'.
[01/Sep/2012:20:30:15] ENGINE Stopped thread '_TimeoutMonitor'.
[01/Sep/2012:20:30:15] ENGINE Bus STOPPED
[01/Sep/2012:20:30:15] ENGINE Bus EXITING
[01/Sep/2012:20:30:15] ENGINE Bus EXITED
[01/Sep/2012:20:30:17] ENGINE Bus STARTING
[01/Sep/2012:20:30:17] ENGINE Started monitor thread '_TimeoutMonitor'.
[01/Sep/2012:20:30:17] ENGINE Serving on 0.0.0.0:8080
[01/Sep/2012:20:30:17] ENGINE Bus STARTED
[01/Sep/2012:20:30:18] ENGINE Bus STOPPING
[01/Sep/2012:20:30:18] ENGINE HTTP Server cherrypy._cpwsgi_server.CPWSGIServer(('0.0.0.0', 8080)) shut down
[01/Sep/2012:20:30:18] ENGINE Stopped thread '_TimeoutMonitor'.
[01/Sep/2012:20:30:18] ENGINE Bus STOPPED
[01/Sep/2012:20:30:18] ENGINE Bus EXITING
[01/Sep/2012:20:30:18] ENGINE Bus EXITED
[01/Sep/2012:20:30:39] ENGINE Bus STARTING
[01/Sep/2012:20:30:39] ENGINE Started monitor thread '_TimeoutMonitor'.
[01/Sep/2012:20:30:39] ENGINE Serving on 0.0.0.0:8080
[01/Sep/2012:20:30:39] ENGINE Bus STARTED
[01/Sep/2012:20:31:01] ENGINE Bus STOPPING
[01/Sep/2012:20:31:01] ENGINE HTTP Server cherrypy._cpwsgi_server.CPWSGIServer(('0.0.0.0', 8080)) shut down
[01/Sep/2012:20:31:01] ENGINE Stopped thread '_TimeoutMonitor'.
[01/Sep/2012:20:31:01] ENGINE Bus STOPPED
[01/Sep/2012:20:31:01] ENGINE Bus EXITING
[01/Sep/2012:20:31:01] ENGINE Bus EXITED
[01/Sep/2012:20:34:35] ENGINE Bus STARTING
[01/Sep/2012:20:34:35] ENGINE Started monitor thread '_TimeoutMonitor'.
[01/Sep/2012:20:34:35] ENGINE Serving on 0.0.0.0:8080
[01/Sep/2012:20:34:35] ENGINE Bus STARTED
[01/Sep/2012:20:34:37] ENGINE Started monitor thread 'Session cleanup'.
[01/Sep/2012:20:35:08] ENGINE Bus STOPPING
[01/Sep/2012:20:35:08] ENGINE HTTP Server cherrypy._cpwsgi_server.CPWSGIServer(('0.0.0.0', 8080)) shut down
[01/Sep/2012:20:35:08] ENGINE Stopped thread 'Session cleanup'.
[01/Sep/2012:20:35:08] ENGINE Stopped thread '_TimeoutMonitor'.
[01/Sep/2012:20:35:08] ENGINE Bus STOPPED
[01/Sep/2012:20:35:08] ENGINE Bus EXITING
[01/Sep/2012:20:35:08] ENGINE Bus EXITED
[01/Sep/2012:20:45:43] ENGINE Bus STARTING
[01/Sep/2012:20:45:43] ENGINE Started monitor thread '_TimeoutMonitor'.
[01/Sep/2012:20:45:43] ENGINE Serving on 0.0.0.0:8080
[01/Sep/2012:20:45:43] ENGINE Bus STARTED
[01/Sep/2012:20:45:45] ENGINE Started monitor thread 'Session cleanup'.
[01/Sep/2012:20:46:21] ENGINE Bus STOPPING
[01/Sep/2012:20:46:21] ENGINE HTTP Server cherrypy._cpwsgi_server.CPWSGIServer(('0.0.0.0', 8080)) shut down
[01/Sep/2012:20:46:21] ENGINE Stopped thread '_TimeoutMonitor'.
[01/Sep/2012:20:46:21] ENGINE Stopped thread 'Session cleanup'.
[01/Sep/2012:20:46:21] ENGINE Bus STOPPED
[01/Sep/2012:20:46:21] ENGINE Bus EXITING
[01/Sep/2012:20:46:21] ENGINE Bus EXITED
[01/Sep/2012:20:46:41] ENGINE Bus STARTING
[01/Sep/2012:20:46:41] ENGINE Started monitor thread '_TimeoutMonitor'.
[01/Sep/2012:20:46:42] ENGINE Serving on 0.0.0.0:8080
[01/Sep/2012:20:46:42] ENGINE Bus STARTED
[01/Sep/2012:20:46:46] ENGINE Started monitor thread 'Session cleanup'.
[01/Sep/2012:20:47:44] ENGINE Bus STOPPING
[01/Sep/2012:20:47:44] ENGINE HTTP Server cherrypy._cpwsgi_server.CPWSGIServer(('0.0.0.0', 8080)) shut down
[01/Sep/2012:20:47:44] ENGINE Stopped thread 'Session cleanup'.
[01/Sep/2012:20:47:44] ENGINE Stopped thread '_TimeoutMonitor'.
[01/Sep/2012:20:47:44] ENGINE Bus STOPPED
[01/Sep/2012:20:47:44] ENGINE Bus EXITING
[01/Sep/2012:20:47:44] ENGINE Bus EXITED
[01/Sep/2012:20:48:25] ENGINE Bus STARTING
[01/Sep/2012:20:48:25] ENGINE Started monitor thread '_TimeoutMonitor'.
[01/Sep/2012:20:48:25] ENGINE Serving on 0.0.0.0:8080
[01/Sep/2012:20:48:25] ENGINE Bus STARTED
[01/Sep/2012:20:48:25] ENGINE Started monitor thread 'Session cleanup'.
[01/Sep/2012:20:48:49] ENGINE Bus STOPPING
[01/Sep/2012:20:48:49] ENGINE HTTP Server cherrypy._cpwsgi_server.CPWSGIServer(('0.0.0.0', 8080)) shut down
[01/Sep/2012:20:48:49] ENGINE Stopped thread '_TimeoutMonitor'.
[01/Sep/2012:20:48:49] ENGINE Stopped thread 'Session cleanup'.
[01/Sep/2012:20:48:49] ENGINE Bus STOPPED
[01/Sep/2012:20:48:49] ENGINE Bus EXITING
[01/Sep/2012:20:48:49] ENGINE Bus EXITED
[01/Sep/2012:20:49:51] ENGINE Bus STARTING
[01/Sep/2012:20:49:51] ENGINE Started monitor thread '_TimeoutMonitor'.
[01/Sep/2012:20:49:51] ENGINE Serving on 0.0.0.0:8080
[01/Sep/2012:20:49:51] ENGINE Bus STARTED
[01/Sep/2012:20:49:53] ENGINE Started monitor thread 'Session cleanup'.
[01/Sep/2012:20:50:30] ENGINE Bus STOPPING
[01/Sep/2012:20:50:30] ENGINE HTTP Server cherrypy._cpwsgi_server.CPWSGIServer(('0.0.0.0', 8080)) shut down
[01/Sep/2012:20:50:30] ENGINE Stopped thread 'Session cleanup'.
[01/Sep/2012:20:50:30] ENGINE Stopped thread '_TimeoutMonitor'.
[01/Sep/2012:20:50:30] ENGINE Bus STOPPED
[01/Sep/2012:20:50:30] ENGINE Bus EXITING
[01/Sep/2012:20:50:30] ENGINE Bus EXITED
[01/Sep/2012:20:50:49] ENGINE Bus STARTING
[01/Sep/2012:20:50:49] ENGINE Started monitor thread '_TimeoutMonitor'.
[01/Sep/2012:20:50:50] ENGINE Serving on 0.0.0.0:8080
[01/Sep/2012:20:50:50] ENGINE Bus STARTED
[01/Sep/2012:20:50:52] ENGINE Started monitor thread 'Session cleanup'.
[01/Sep/2012:20:53:35] ENGINE Bus STOPPING
[01/Sep/2012:20:53:39] ENGINE HTTP Server cherrypy._cpwsgi_server.CPWSGIServer(('0.0.0.0', 8080)) shut down
[01/Sep/2012:20:53:39] ENGINE Stopped thread 'Session cleanup'.
[01/Sep/2012:20:53:39] ENGINE Stopped thread '_TimeoutMonitor'.
[01/Sep/2012:20:53:39] ENGINE Bus STOPPED
[01/Sep/2012:20:53:39] ENGINE Bus EXITING
[01/Sep/2012:20:53:39] ENGINE Bus EXITED
[01/Sep/2012:20:53:55] ENGINE Bus STARTING
[01/Sep/2012:20:53:55] ENGINE Started monitor thread '_TimeoutMonitor'.
[01/Sep/2012:20:53:55] ENGINE Serving on 0.0.0.0:8080
[01/Sep/2012:20:53:55] ENGINE Bus STARTED
[01/Sep/2012:20:53:58] ENGINE Started monitor thread 'Session cleanup'.
[12/Sep/2012:17:40:42] ENGINE Bus STARTING
[12/Sep/2012:17:40:43] ENGINE Started monitor thread '_TimeoutMonitor'.
[12/Sep/2012:17:40:43] ENGINE Serving on 0.0.0.0:8080
[12/Sep/2012:17:40:43] ENGINE Bus STARTED
[12/Sep/2012:17:40:56] ENGINE Started monitor thread 'Session cleanup'.
[12/Sep/2012:20:19:31] HTTP Traceback (most recent call last):
  File "/usr/lib/python3.2/site-packages/cherrypy/_cprequest.py", line 656, in respond
    response.body = self.handler()
  File "/usr/lib/python3.2/site-packages/cherrypy/lib/encoding.py", line 188, in __call__
    self.body = self.oldhandler(*args, **kwargs)
  File "/usr/lib/python3.2/site-packages/cherrypy/_cpdispatch.py", line 34, in __call__
    return self.callable(*self.args, **self.kwargs)
  File "/home/tom/project/musiccherry/github-source/cherrymusic/httphandler.py", line 109, in api
    return self.handle(self.jsonrenderer, action, value, filter)
  File "/home/tom/project/musiccherry/github-source/cherrymusic/httphandler.py", line 148, in handle
    return self.userdb.addUser(new['username'], new['password'], new['isadmin'])
  File "/home/tom/project/musiccherry/github-source/cherrymusic/userdb.py", line 60, in addUser
    (user.name, 1 if user.isadmin else 0, user.password, user.salt))
sqlite3.IntegrityError: column username is not unique

[14/Sep/2012:11:56:28] ENGINE Bus STARTING
[14/Sep/2012:11:56:28] ENGINE Started monitor thread '_TimeoutMonitor'.
[14/Sep/2012:11:56:29] ENGINE Serving on 0.0.0.0:8080
[14/Sep/2012:11:56:29] ENGINE Bus STARTED
[14/Sep/2012:11:56:45] ENGINE Started monitor thread 'Session cleanup'.
[14/Sep/2012:12:04:54] ENGINE Bus STOPPING
[14/Sep/2012:12:04:54] ENGINE HTTP Server cherrypy._cpwsgi_server.CPWSGIServer(('0.0.0.0', 8080)) shut down
[14/Sep/2012:12:04:54] ENGINE Stopped thread '_TimeoutMonitor'.
[14/Sep/2012:12:04:54] ENGINE Stopped thread 'Session cleanup'.
[14/Sep/2012:12:04:54] ENGINE Bus STOPPED
[14/Sep/2012:12:04:54] ENGINE Bus EXITING
[14/Sep/2012:12:04:54] ENGINE Bus EXITED
[14/Sep/2012:12:04:56] ENGINE Bus STARTING
[14/Sep/2012:12:04:56] ENGINE Started monitor thread '_TimeoutMonitor'.
[14/Sep/2012:12:04:56] ENGINE Serving on 0.0.0.0:8080
[14/Sep/2012:12:04:56] ENGINE Bus STARTED
[14/Sep/2012:12:04:59] ENGINE Started monitor thread 'Session cleanup'.
